<?xml version="1.0" encoding="UTF-8"?>
<testsuite name="com.htc.lib0.BasicSample.EmailValidatorTest" tests="7" skipped="0" failures="0" errors="0" timestamp="2015-09-23T04:05:20" hostname="SAM-MacBook-Air.local" time="0.015">
  <properties/>
  <testcase name="emailValidator_InvalidEmailNoTld_ReturnsFalse" classname="com.htc.lib0.BasicSample.EmailValidatorTest" time="0.009"/>
  <testcase name="emailValidator_CorrectEmailSimple_ReturnsTrue" classname="com.htc.lib0.BasicSample.EmailValidatorTest" time="0.001"/>
  <testcase name="emailValidator_NullEmail_ReturnsFalse" classname="com.htc.lib0.BasicSample.EmailValidatorTest" time="0.0"/>
  <testcase name="emailValidator_CorrectEmailSubDomain_ReturnsTrue" classname="com.htc.lib0.BasicSample.EmailValidatorTest" time="0.0"/>
  <testcase name="emailValidator_InvalidEmailDoubleDot_ReturnsFalse" classname="com.htc.lib0.BasicSample.EmailValidatorTest" time="0.0"/>
  <testcase name="emailValidator_InvalidEmailNoUsername_ReturnsFalse" classname="com.htc.lib0.BasicSample.EmailValidatorTest" time="0.0"/>
  <testcase name="emailValidator_EmptyString_ReturnsFalse" classname="com.htc.lib0.BasicSample.EmailValidatorTest" time="0.0"/>
  <system-out><![CDATA[]]></system-out>
  <system-err><![CDATA[]]></system-err>
</testsuite>
