<?xml version="1.0" encoding="UTF-8"?>
<testsuite name="com.htc.lib0.BasicSample.SharedPreferencesHelperTest" tests="2" skipped="0" failures="0" errors="0" timestamp="2015-09-23T04:05:24" hostname="SAM-MacBook-Air.local" time="0.081">
  <properties/>
  <testcase name="sharedPreferencesHelper_SavePersonalInformationFailed_ReturnsFalse" classname="com.htc.lib0.BasicSample.SharedPreferencesHelperTest" time="0.075"/>
  <testcase name="sharedPreferencesHelper_SaveAndReadPersonalInformation" classname="com.htc.lib0.BasicSample.SharedPreferencesHelperTest" time="0.002"/>
  <system-out><![CDATA[]]></system-out>
  <system-err><![CDATA[]]></system-err>
</testsuite>
